<?xml version="1.0" encoding="UTF-8"?>
<!-- Generated by org.testng.reporters.JUnitReportReporter -->
<testsuite hostname="Hridhan" failures="0" tests="2" name="TestNGAnnotation.Ex_keywordCombination" time="0.010" errors="0" timestamp="2023-06-14T12:32:18 CEST" skipped="1">
  <testcase classname="TestNGAnnotation.Ex_keywordCombination" name="Tc2" time="0.010"/>
  <system-out>
    <![CDATA[Tc2 running]]>
  </system-out>
  <testcase classname="TestNGAnnotation.Ex_keywordCombination" name="Tc1">
    <skipped/>
  </testcase> <!-- Tc1 -->
  <system-out/>
</testsuite> <!-- TestNGAnnotation.Ex_keywordCombination -->
