<?xml version="1.0" encoding="UTF-8"?>
<!-- Generated by org.testng.reporters.JUnitReportReporter -->
<testsuite hostname="Hridhan" failures="0" tests="2" name="TestNGAnnotation.Ex_keyword_enabled" time="0.009" errors="0" timestamp="2023-06-06T20:16:51 CEST" skipped="1">
  <testcase classname="TestNGAnnotation.Ex_keyword_enabled" name="TC2" time="0.009"/>
  <system-out>
    <![CDATA[TC2 running]]>
  </system-out>
  <testcase classname="TestNGAnnotation.Ex_keyword_enabled" name="TC1">
    <skipped/>
  </testcase> <!-- TC1 -->
  <system-out/>
</testsuite> <!-- TestNGAnnotation.Ex_keyword_enabled -->
