<?xml version="1.0" encoding="UTF-8"?>
<!-- Generated by org.testng.reporters.JUnitReportReporter -->
<testsuite hostname="Hridhan" failures="0" tests="3" name="TestNGAnnotation.Ex_Keyword_dependsOn" time="0.016" errors="0" timestamp="2023-06-11T15:14:10 CEST" skipped="0">
  <testcase classname="TestNGAnnotation.Ex_Keyword_dependsOn" name="logout" time="0.001"/>
  <system-out>
    <![CDATA[--running logout TC--]]>
  </system-out>
  <testcase classname="TestNGAnnotation.Ex_Keyword_dependsOn" name="login2" time="0.003"/>
  <system-out>
    <![CDATA[--running login2 TC--]]>
  </system-out>
  <testcase classname="TestNGAnnotation.Ex_Keyword_dependsOn" name="login1" time="0.012"/>
  <system-out>
    <![CDATA[--running login1 TC--]]>
  </system-out>
</testsuite> <!-- TestNGAnnotation.Ex_Keyword_dependsOn -->
