<?xml version="1.0" encoding="UTF-8"?>
<!-- Generated by org.testng.reporters.JUnitReportReporter -->
<testsuite hostname="Hridhan" failures="0" tests="2" name="TestNG.Ex_EmailableReport" time="0.016" errors="0" timestamp="2023-06-15T09:14:19 CEST" skipped="0">
  <testcase classname="TestNG.Ex_EmailableReport" name="TC1" time="0.011"/>
  <system-out>
    <![CDATA[running TC1 test case]]>
  </system-out>
  <testcase classname="TestNG.Ex_EmailableReport" name="TC2" time="0.005"/>
  <system-out>
    <![CDATA[running TC2 test case]]>
  </system-out>
</testsuite> <!-- TestNG.Ex_EmailableReport -->
