<?xml version="1.0" encoding="UTF-8"?>
<!-- Generated by org.testng.reporters.JUnitReportReporter -->
<testsuite hostname="Hridhan" failures="0" tests="2" name="TestNG.Ex_EmailableReport" time="0.014" errors="0" timestamp="2023-06-05T22:01:25 CEST" skipped="0">
  <testcase classname="TestNG.Ex_EmailableReport" name="TC1" time="0.012"/>
  <system-out>
    <![CDATA[running TC1 test case]]>
  </system-out>
  <testcase classname="TestNG.Ex_EmailableReport" name="TC2" time="0.002"/>
  <system-out>
    <![CDATA[running TC2 test case]]>
  </system-out>
</testsuite> <!-- TestNG.Ex_EmailableReport -->
