<?xml version="1.0" encoding="UTF-8"?>
<!-- Generated by org.testng.reporters.JUnitReportReporter -->
<testsuite hostname="Hridhan" failures="0" tests="2" name="DisableTestCases.Ex_DisableTestCasesUsingInclude" time="0.016" errors="0" timestamp="2023-06-15T09:56:30 CEST" skipped="0">
  <testcase classname="DisableTestCases.Ex_DisableTestCasesUsingInclude" name="Tc2" time="0.000"/>
  <system-out>
    <![CDATA[Tc2 running]]>
  </system-out>
  <testcase classname="DisableTestCases.Ex_DisableTestCasesUsingInclude" name="Tc1" time="0.016"/>
  <system-out>
    <![CDATA[Tc1 running]]>
  </system-out>
</testsuite> <!-- DisableTestCases.Ex_DisableTestCasesUsingInclude -->
