<?xml version="1.0" encoding="UTF-8"?>
<!-- Generated by org.testng.reporters.JUnitReportReporter -->
<testsuite hostname="Hridhan" failures="0" tests="2" name="TestNGAnnotation.Ex_TestAnnotation" time="0.003" errors="0" timestamp="2023-06-07T10:06:08 CEST" skipped="0">
  <testcase classname="TestNGAnnotation.Ex_TestAnnotation" name="TC2" time="0.000"/>
  <system-out>
    <![CDATA[TC2 running]]>
  </system-out>
  <testcase classname="TestNGAnnotation.Ex_TestAnnotation" name="TC1" time="0.003"/>
  <system-out>
    <![CDATA[TC1 running]]>
  </system-out>
</testsuite> <!-- TestNGAnnotation.Ex_TestAnnotation -->
