<?xml version="1.0" encoding="UTF-8"?>
<!-- Generated by org.testng.reporters.JUnitReportReporter -->
<testsuite hostname="Hridhan" failures="0" tests="3" name="TestNGAnnotation.Ex_keyword_invocationCount" time="0.011" errors="0" timestamp="2023-06-06T20:10:24 CEST" skipped="0">
  <testcase classname="TestNGAnnotation.Ex_keyword_invocationCount" name="TC1" time="0.001"/>
  <system-out>
    <![CDATA[TC1 running]]>
  </system-out>
  <testcase classname="TestNGAnnotation.Ex_keyword_invocationCount" name="TC1" time="0.009"/>
  <system-out>
    <![CDATA[TC1 running]]>
  </system-out>
  <testcase classname="TestNGAnnotation.Ex_keyword_invocationCount" name="TC1" time="0.001"/>
  <system-out>
    <![CDATA[TC1 running]]>
  </system-out>
</testsuite> <!-- TestNGAnnotation.Ex_keyword_invocationCount -->
