<?xml version="1.0" encoding="UTF-8"?>
<!-- Generated by org.testng.reporters.JUnitReportReporter -->
<testsuite hostname="Hridhan" failures="0" tests="1" name="TestNGAnnotation.Ex_keyword_priority" time="0.008" errors="0" timestamp="2023-06-14T17:58:35 CEST" skipped="0">
  <testcase classname="TestNGAnnotation.Ex_keyword_priority" name="TC3" time="0.008"/>
  <system-out>
    <![CDATA[TC3 running]]>
  </system-out>
</testsuite> <!-- TestNGAnnotation.Ex_keyword_priority -->
