<?xml version="1.0" encoding="UTF-8"?>
<!-- Generated by org.testng.reporters.JUnitReportReporter -->
<testsuite hostname="Hridhan" failures="0" tests="3" name="DisableTestCases.Ex_Disabletestcases2" time="0.023" errors="0" timestamp="2023-06-15T10:00:29 CEST" skipped="0">
  <testcase classname="DisableTestCases.Ex_Disabletestcases2" name="Tc2" time="0.016"/>
  <system-out>
    <![CDATA[Tc2 running]]>
  </system-out>
  <testcase classname="DisableTestCases.Ex_Disabletestcases2" name="Tc3" time="0.007"/>
  <system-out>
    <![CDATA[Tc3 running]]>
  </system-out>
  <testcase classname="DisableTestCases.Ex_Disabletestcases2" name="Tc4" time="0.000"/>
  <system-out>
    <![CDATA[Tc4 running]]>
  </system-out>
</testsuite> <!-- DisableTestCases.Ex_Disabletestcases2 -->
