<?xml version="1.0" encoding="UTF-8"?>
<!-- Generated by org.testng.reporters.JUnitReportReporter -->
<testsuite hostname="Hridhan" failures="0" tests="3" name="TestNGAnnotation.Ex_keyword_priority" time="0.013" errors="0" timestamp="2023-06-14T12:31:26 CEST" skipped="0">
  <testcase classname="TestNGAnnotation.Ex_keyword_priority" name="TC3" time="0.010"/>
  <system-out>
    <![CDATA[TC3 running]]>
  </system-out>
  <testcase classname="TestNGAnnotation.Ex_keyword_priority" name="TC2" time="0.001"/>
  <system-out>
    <![CDATA[TC2 running]]>
  </system-out>
  <testcase classname="TestNGAnnotation.Ex_keyword_priority" name="TC1" time="0.002"/>
  <system-out>
    <![CDATA[TC1 running]]>
  </system-out>
</testsuite> <!-- TestNGAnnotation.Ex_keyword_priority -->
