<?xml version="1.0" encoding="UTF-8"?>
<!-- Generated by org.testng.reporters.JUnitReportReporter -->
<testsuite hostname="Hridhan" failures="0" tests="1" name="TestNG.Ex_TestNGTestClass" time="9.828" errors="0" timestamp="2023-06-05T19:36:13 CEST" skipped="0">
  <testcase classname="TestNG.Ex_TestNGTestClass" name="m1" time="9.828"/>
  <system-out/>
</testsuite> <!-- TestNG.Ex_TestNGTestClass -->
